<?xml version="1.0" encoding="UTF-8"?>
<testsuite name="com.example.jenkinsdemoapp.JenkinsDemoAppApplicationTests" tests="1" skipped="0" failures="0" errors="0" timestamp="2023-02-12T04:45:13" hostname="MacBook-Pro" time="0.151">
  <properties/>
  <testcase name="contextLoads()" classname="com.example.jenkinsdemoapp.JenkinsDemoAppApplicationTests" time="0.151"/>
  <system-out><![CDATA[12:45:13.363 [Test worker] DEBUG org.springframework.test.context.BootstrapUtils - Instantiating CacheAwareContextLoaderDelegate from class [org.springframework.test.context.cache.DefaultCacheAwareContextLoaderDelegate]
12:45:13.367 [Test worker] DEBUG org.springframework.test.context.BootstrapUtils - Instantiating BootstrapContext using constructor [public org.springframework.test.context.support.DefaultBootstrapContext(java.lang.Class,org.springframework.test.context.CacheAwareContextLoaderDelegate)]
12:45:13.381 [Test worker] DEBUG org.springframework.test.context.BootstrapUtils - Instantiating TestContextBootstrapper for test class [com.example.jenkinsdemoapp.JenkinsDemoAppApplicationTests] from class [org.springframework.boot.test.context.SpringBootTestContextBootstrapper]
12:45:13.385 [Test worker] INFO org.springframework.boot.test.context.SpringBootTestContextBootstrapper - Neither @ContextConfiguration nor @ContextHierarchy found for test class [com.example.jenkinsdemoapp.JenkinsDemoAppApplicationTests], using SpringBootContextLoader
12:45:13.387 [Test worker] DEBUG org.springframework.test.context.support.AbstractContextLoader - Did not detect default resource location for test class [com.example.jenkinsdemoapp.JenkinsDemoAppApplicationTests]: class path resource [com/example/jenkinsdemoapp/JenkinsDemoAppApplicationTests-context.xml] does not exist
12:45:13.387 [Test worker] DEBUG org.springframework.test.context.support.AbstractContextLoader - Did not detect default resource location for test class [com.example.jenkinsdemoapp.JenkinsDemoAppApplicationTests]: class path resource [com/example/jenkinsdemoapp/JenkinsDemoAppApplicationTestsContext.groovy] does not exist
12:45:13.387 [Test worker] INFO org.springframework.test.context.support.AbstractContextLoader - Could not detect default resource locations for test class [com.example.jenkinsdemoapp.JenkinsDemoAppApplicationTests]: no resource found for suffixes {-context.xml, Context.groovy}.
12:45:13.388 [Test worker] INFO org.springframework.test.context.support.AnnotationConfigContextLoaderUtils - Could not detect default configuration classes for test class [com.example.jenkinsdemoapp.JenkinsDemoAppApplicationTests]: JenkinsDemoAppApplicationTests does not declare any static, non-private, non-final, nested classes annotated with @Configuration.
12:45:13.407 [Test worker] DEBUG org.springframework.test.context.support.ActiveProfilesUtils - Could not find an 'annotation declaring class' for annotation type [org.springframework.test.context.ActiveProfiles] and class [com.example.jenkinsdemoapp.JenkinsDemoAppApplicationTests]
12:45:13.429 [Test worker] DEBUG org.springframework.context.annotation.ClassPathScanningCandidateComponentProvider - Identified candidate component class: file [/Users/jc/Study/devops/jenkins-demo-app/build/classes/java/main/com/example/jenkinsdemoapp/JenkinsDemoAppApplication.class]
12:45:13.429 [Test worker] INFO org.springframework.boot.test.context.SpringBootTestContextBootstrapper - Found @SpringBootConfiguration com.example.jenkinsdemoapp.JenkinsDemoAppApplication for test class com.example.jenkinsdemoapp.JenkinsDemoAppApplicationTests
12:45:13.472 [Test worker] DEBUG org.springframework.boot.test.context.SpringBootTestContextBootstrapper - @TestExecutionListeners is not present for class [com.example.jenkinsdemoapp.JenkinsDemoAppApplicationTests]: using defaults.
12:45:13.473 [Test worker] INFO org.springframework.boot.test.context.SpringBootTestContextBootstrapper - Loaded default TestExecutionListener class names from location [META-INF/spring.factories]: [org.springframework.boot.test.autoconfigure.restdocs.RestDocsTestExecutionListener, org.springframework.boot.test.autoconfigure.web.client.MockRestServiceServerResetTestExecutionListener, org.springframework.boot.test.autoconfigure.web.servlet.MockMvcPrintOnlyOnFailureTestExecutionListener, org.springframework.boot.test.autoconfigure.web.servlet.WebDriverTestExecutionListener, org.springframework.boot.test.autoconfigure.webservices.client.MockWebServiceServerTestExecutionListener, org.springframework.boot.test.mock.mockito.MockitoTestExecutionListener, org.springframework.boot.test.mock.mockito.ResetMocksTestExecutionListener, org.springframework.test.context.web.ServletTestExecutionListener, org.springframework.test.context.support.DirtiesContextBeforeModesTestExecutionListener, org.springframework.test.context.event.ApplicationEventsTestExecutionListener, org.springframework.test.context.support.DependencyInjectionTestExecutionListener, org.springframework.test.context.support.DirtiesContextTestExecutionListener, org.springframework.test.context.transaction.TransactionalTestExecutionListener, org.springframework.test.context.jdbc.SqlScriptsTestExecutionListener, org.springframework.test.context.event.EventPublishingTestExecutionListener]
12:45:13.476 [Test worker] DEBUG org.springframework.boot.test.context.SpringBootTestContextBootstrapper - Skipping candidate TestExecutionListener [org.springframework.test.context.web.ServletTestExecutionListener] due to a missing dependency. Specify custom listener classes or make the default listener classes and their required dependencies available. Offending class: [javax/servlet/ServletContext]
12:45:13.476 [Test worker] DEBUG org.springframework.boot.test.context.SpringBootTestContextBootstrapper - Skipping candidate TestExecutionListener [org.springframework.test.context.transaction.TransactionalTestExecutionListener] due to a missing dependency. Specify custom listener classes or make the default listener classes and their required dependencies available. Offending class: [org/springframework/transaction/interceptor/TransactionAttributeSource]
12:45:13.477 [Test worker] DEBUG org.springframework.boot.test.context.SpringBootTestContextBootstrapper - Skipping candidate TestExecutionListener [org.springframework.test.context.jdbc.SqlScriptsTestExecutionListener] due to a missing dependency. Specify custom listener classes or make the default listener classes and their required dependencies available. Offending class: [org/springframework/transaction/interceptor/TransactionAttribute]
12:45:13.477 [Test worker] INFO org.springframework.boot.test.context.SpringBootTestContextBootstrapper - Using TestExecutionListeners: [org.springframework.test.context.support.DirtiesContextBeforeModesTestExecutionListener@2a492f2a, org.springframework.test.context.event.ApplicationEventsTestExecutionListener@3277e499, org.springframework.boot.test.mock.mockito.MockitoTestExecutionListener@585811a4, org.springframework.boot.test.autoconfigure.SpringBootDependencyInjectionTestExecutionListener@22c01ab0, org.springframework.test.context.support.DirtiesContextTestExecutionListener@411341bd, org.springframework.test.context.event.EventPublishingTestExecutionListener@4c4d362a, org.springframework.boot.test.autoconfigure.restdocs.RestDocsTestExecutionListener@5400db36, org.springframework.boot.test.autoconfigure.web.client.MockRestServiceServerResetTestExecutionListener@76b74e9c, org.springframework.boot.test.autoconfigure.web.servlet.MockMvcPrintOnlyOnFailureTestExecutionListener@2d72f75e, org.springframework.boot.test.autoconfigure.web.servlet.WebDriverTestExecutionListener@8ab78bc, org.springframework.boot.test.autoconfigure.webservices.client.MockWebServiceServerTestExecutionListener@5aa0dbf4, org.springframework.boot.test.mock.mockito.ResetMocksTestExecutionListener@16afbd92]
12:45:13.478 [Test worker] DEBUG org.springframework.test.context.support.AbstractDirtiesContextTestExecutionListener - Before test class: context [DefaultTestContext@54afd745 testClass = JenkinsDemoAppApplicationTests, testInstance = [null], testMethod = [null], testException = [null], mergedContextConfiguration = [MergedContextConfiguration@677dbd89 testClass = JenkinsDemoAppApplicationTests, locations = '{}', classes = '{class com.example.jenkinsdemoapp.JenkinsDemoAppApplication}', contextInitializerClasses = '[]', activeProfiles = '{}', propertySourceLocations = '{}', propertySourceProperties = '{org.springframework.boot.test.context.SpringBootTestContextBootstrapper=true}', contextCustomizers = set[org.springframework.boot.test.autoconfigure.actuate.metrics.MetricsExportContextCustomizerFactory$DisableMetricExportContextCustomizer@424fd310, org.springframework.boot.test.autoconfigure.properties.PropertyMappingContextCustomizer@0, org.springframework.boot.test.autoconfigure.web.servlet.WebDriverContextCustomizerFactory$Customizer@47c4ecdc, org.springframework.boot.test.context.filter.ExcludeFilterContextCustomizer@3f07b12c, org.springframework.boot.test.json.DuplicateJsonObjectContextCustomizerFactory$DuplicateJsonObjectContextCustomizer@784b990c, org.springframework.boot.test.mock.mockito.MockitoContextCustomizer@0, org.springframework.boot.test.web.client.TestRestTemplateContextCustomizer@bff34c6, org.springframework.boot.test.context.SpringBootTestArgs@1, org.springframework.boot.test.context.SpringBootTestWebEnvironment@2d29b4ee], contextLoader = 'org.springframework.boot.test.context.SpringBootContextLoader', parent = [null]], attributes = map[[empty]]], class annotated with @DirtiesContext [false] with mode [null].
12:45:13.483 [Test worker] DEBUG org.springframework.test.context.support.DependencyInjectionTestExecutionListener - Performing dependency injection for test context [[DefaultTestContext@54afd745 testClass = JenkinsDemoAppApplicationTests, testInstance = com.example.jenkinsdemoapp.JenkinsDemoAppApplicationTests@6b9267b, testMethod = [null], testException = [null], mergedContextConfiguration = [MergedContextConfiguration@677dbd89 testClass = JenkinsDemoAppApplicationTests, locations = '{}', classes = '{class com.example.jenkinsdemoapp.JenkinsDemoAppApplication}', contextInitializerClasses = '[]', activeProfiles = '{}', propertySourceLocations = '{}', propertySourceProperties = '{org.springframework.boot.test.context.SpringBootTestContextBootstrapper=true}', contextCustomizers = set[org.springframework.boot.test.autoconfigure.actuate.metrics.MetricsExportContextCustomizerFactory$DisableMetricExportContextCustomizer@424fd310, org.springframework.boot.test.autoconfigure.properties.PropertyMappingContextCustomizer@0, org.springframework.boot.test.autoconfigure.web.servlet.WebDriverContextCustomizerFactory$Customizer@47c4ecdc, org.springframework.boot.test.context.filter.ExcludeFilterContextCustomizer@3f07b12c, org.springframework.boot.test.json.DuplicateJsonObjectContextCustomizerFactory$DuplicateJsonObjectContextCustomizer@784b990c, org.springframework.boot.test.mock.mockito.MockitoContextCustomizer@0, org.springframework.boot.test.web.client.TestRestTemplateContextCustomizer@bff34c6, org.springframework.boot.test.context.SpringBootTestArgs@1, org.springframework.boot.test.context.SpringBootTestWebEnvironment@2d29b4ee], contextLoader = 'org.springframework.boot.test.context.SpringBootContextLoader', parent = [null]], attributes = map['org.springframework.test.context.event.ApplicationEventsTestExecutionListener.recordApplicationEvents' -> false]]].

  .   ____          _            __ _ _
 /\\ / ___'_ __ _ _(_)_ __  __ _ \ \ \ \
( ( )\___ | '_ | '_| | '_ \/ _` | \ \ \ \
 \\/  ___)| |_)| | | | | || (_| |  ) ) ) )
  '  |____| .__|_| |_|_| |_\__, | / / / /
 =========|_|==============|___/=/_/_/_/
 :: Spring Boot ::                (v2.7.6)

2023-02-12 12:45:13.610  INFO 48063 --- [    Test worker] c.e.j.JenkinsDemoAppApplicationTests     : Starting JenkinsDemoAppApplicationTests using Java 11.0.18 on MacBook-Pro with PID 48063 (started by jc in /Users/jc/Study/devops/jenkins-demo-app)
2023-02-12 12:45:13.611  INFO 48063 --- [    Test worker] c.e.j.JenkinsDemoAppApplicationTests     : No active profile set, falling back to 1 default profile: "default"
2023-02-12 12:45:13.826  INFO 48063 --- [    Test worker] c.e.j.JenkinsDemoAppApplicationTests     : Started JenkinsDemoAppApplicationTests in 0.334 seconds (JVM running for 0.849)
]]></system-out>
  <system-err><![CDATA[]]></system-err>
</testsuite>
